2023.11.28 22:27:44 INFO  Started: Metals version 1.1.0 in folders '/home/eduarda/Documentos/GitHub/Jogo-Termo-em-Scala' for client Visual Studio Code 1.80.0.[0m
2023.11.28 22:27:44 INFO  time: initialize in 0.11s[0m
2023.11.28 22:27:47 WARN  Build server is not auto-connectable.[0m
2023.11.28 22:27:47 WARN  no build target for: /home/eduarda/Documentos/GitHub/Jogo-Termo-em-Scala/build.sbt[0m
2023.11.28 22:27:51 INFO  no build target found for /home/eduarda/Documentos/GitHub/Jogo-Termo-em-Scala/build.sbt. Using presentation compiler with project's scala-library version: 3.3.1[0m
2023.11.28 22:27:55 INFO  time: code lens generation in 8.26s[0m
2023.11.28 22:27:55 WARN  Could not find semantic tokens for: file:///home/eduarda/Documentos/GitHub/Jogo-Termo-em-Scala/build.sbt[0m
2023.11.28 22:27:55 WARN  Could not find semantic tokens for: file:///home/eduarda/Documentos/GitHub/Jogo-Termo-em-Scala/build.sbt[0m
2023.11.28 22:29:37 WARN  no build target for: /home/eduarda/Documentos/GitHub/Jogo-Termo-em-Scala/src/main/Termo/mainTermo.scala[0m
2023.11.28 22:29:37 WARN  Could not find semantic tokens for: file:///home/eduarda/Documentos/GitHub/Jogo-Termo-em-Scala/src/main/Termo/mainTermo.scala[0m
2023.11.28 22:29:37 WARN  Could not find semantic tokens for: file:///home/eduarda/Documentos/GitHub/Jogo-Termo-em-Scala/src/main/Termo/mainTermo.scala[0m
2023.11.28 22:29:44 WARN  no build target for: /home/eduarda/Documentos/GitHub/Jogo-Termo-em-Scala/src/main/Termo/main.scala[0m
2023.11.28 22:29:44 WARN  Could not find semantic tokens for: file:///home/eduarda/Documentos/GitHub/Jogo-Termo-em-Scala/src/main/Termo/main.scala[0m
2023.11.28 22:29:44 WARN  Could not find semantic tokens for: file:///home/eduarda/Documentos/GitHub/Jogo-Termo-em-Scala/src/main/Termo/main.scala[0m
2023.11.28 22:29:48 WARN  Could not find semantic tokens for: file:///home/eduarda/Documentos/GitHub/Jogo-Termo-em-Scala/src/main/Termo/main.scala[0m
2023.11.28 22:29:48 WARN  Could not find semantic tokens for: file:///home/eduarda/Documentos/GitHub/Jogo-Termo-em-Scala/src/main/Termo/main.scala[0m
2023.11.28 22:29:50 WARN  Could not find semantic tokens for: file:///home/eduarda/Documentos/GitHub/Jogo-Termo-em-Scala/src/main/Termo/main.scala[0m
2023.11.28 22:29:55 WARN  no build target for: /home/eduarda/Documentos/GitHub/Jogo-Termo-em-Scala/src/main/Termo/main.scala[0m
2023.11.28 22:30:02 WARN  no build target for: /home/eduarda/Documentos/GitHub/Jogo-Termo-em-Scala/src/main/Termo/main.scala[0m
2023.11.28 22:30:06 WARN  no build target for: /home/eduarda/Documentos/GitHub/Jogo-Termo-em-Scala/src/main/Termo/main.scala[0m
2023.11.28 22:30:12 WARN  no build target for: /home/eduarda/Documentos/GitHub/Jogo-Termo-em-Scala/src/main/Termo/main.scala[0m
2023.11.28 22:30:17 WARN  no build target for: /home/eduarda/Documentos/GitHub/Jogo-Termo-em-Scala/src/main/Termo/main.scala[0m
2023.11.28 22:30:20 WARN  no build target for: /home/eduarda/Documentos/GitHub/Jogo-Termo-em-Scala/src/main/Termo/main.scala[0m
2023.11.28 22:30:27 WARN  no build target for: /home/eduarda/Documentos/GitHub/Jogo-Termo-em-Scala/src/main/Termo/main.scala[0m
2023.11.28 22:30:36 WARN  no build target for: /home/eduarda/Documentos/GitHub/Jogo-Termo-em-Scala/src/main/Termo/mainTermo.scala[0m
2023.11.28 22:30:53 WARN  no build target for: /home/eduarda/Documentos/GitHub/Jogo-Termo-em-Scala/src/main/Termo/main.scala[0m
2023.11.28 22:30:58 WARN  no build target for: /home/eduarda/Documentos/GitHub/Jogo-Termo-em-Scala/src/main/Termo/main.scala[0m
2023.11.28 22:31:05 WARN  no build target for: /home/eduarda/Documentos/GitHub/Jogo-Termo-em-Scala/src/main/Termo/main.scala[0m
2023.11.28 22:31:08 WARN  no build target for: /home/eduarda/Documentos/GitHub/Jogo-Termo-em-Scala/src/main/Termo/main.scala[0m
2023.11.28 22:31:10 ERROR Failed to tokenize input for semantic tokens for /home/eduarda/Documentos/GitHub/Jogo-Termo-em-Scala/src/main/Termo/main.scala
scala.meta.tokenizers.TokenizeException: <input>:5: error: unclosed character literal
    println('')
            ^
	at scala.meta.internal.tokenizers.Reporter.syntaxError(Reporter.scala:23)
	at scala.meta.internal.tokenizers.Reporter.syntaxError$(Reporter.scala:23)
	at scala.meta.internal.tokenizers.Reporter$$anon$1.syntaxError(Reporter.scala:33)
	at scala.meta.internal.tokenizers.Reporter.syntaxError(Reporter.scala:25)
	at scala.meta.internal.tokenizers.Reporter.syntaxError$(Reporter.scala:25)
	at scala.meta.internal.tokenizers.Reporter$$anon$1.syntaxError(Reporter.scala:33)
	at scala.meta.internal.tokenizers.LegacyScanner.fetchSingleQuote$1(LegacyScanner.scala:407)
	at scala.meta.internal.tokenizers.LegacyScanner.fetchToken(LegacyScanner.scala:412)
	at scala.meta.internal.tokenizers.LegacyScanner.nextToken(LegacyScanner.scala:211)
	at scala.meta.internal.tokenizers.LegacyScanner.foreach(LegacyScanner.scala:1011)
	at scala.meta.internal.tokenizers.ScalametaTokenizer.uncachedTokenize(ScalametaTokenizer.scala:24)
	at scala.meta.internal.tokenizers.ScalametaTokenizer.$anonfun$tokenize$1(ScalametaTokenizer.scala:17)
	at scala.collection.concurrent.TrieMap.getOrElseUpdate(TrieMap.scala:962)
	at scala.meta.internal.tokenizers.ScalametaTokenizer.tokenize(ScalametaTokenizer.scala:17)
	at scala.meta.internal.tokenizers.ScalametaTokenizer$$anon$2.apply(ScalametaTokenizer.scala:332)
	at scala.meta.tokenizers.Api$XtensionTokenizeDialectInput.tokenize(Api.scala:25)
	at scala.meta.tokenizers.Api$XtensionTokenizeInputLike.tokenize(Api.scala:14)
	at scala.meta.internal.metals.SemanticTokensProvider$.getTokens(SemanticTokensProvider.scala:28)
	at scala.meta.internal.metals.SemanticTokensProvider$.provide(SemanticTokensProvider.scala:89)
	at scala.meta.internal.metals.Compilers.$anonfun$semanticTokens$3(Compilers.scala:539)
	at scala.concurrent.impl.Promise$Transformation.run(Promise.scala:467)
	at java.util.concurrent.ThreadPoolExecutor.runWorker(ThreadPoolExecutor.java:1136)
	at java.util.concurrent.ThreadPoolExecutor$Worker.run(ThreadPoolExecutor.java:635)
	at java.lang.Thread.run(Thread.java:833)
[0m
2023.11.28 22:31:11 ERROR Failed to tokenize input for semantic tokens for /home/eduarda/Documentos/GitHub/Jogo-Termo-em-Scala/src/main/Termo/main.scala
scala.meta.tokenizers.TokenizeException: <input>:5: error: unclosed character literal
    println('Hello World!')
                         ^
	at scala.meta.internal.tokenizers.Reporter.syntaxError(Reporter.scala:23)
	at scala.meta.internal.tokenizers.Reporter.syntaxError$(Reporter.scala:23)
	at scala.meta.internal.tokenizers.Reporter$$anon$1.syntaxError(Reporter.scala:33)
	at scala.meta.internal.tokenizers.Reporter.syntaxError(Reporter.scala:25)
	at scala.meta.internal.tokenizers.Reporter.syntaxError$(Reporter.scala:25)
	at scala.meta.internal.tokenizers.Reporter$$anon$1.syntaxError(Reporter.scala:33)
	at scala.meta.internal.tokenizers.LegacyScanner.fetchSingleQuote$1(LegacyScanner.scala:407)
	at scala.meta.internal.tokenizers.LegacyScanner.fetchToken(LegacyScanner.scala:412)
	at scala.meta.internal.tokenizers.LegacyScanner.nextToken(LegacyScanner.scala:211)
	at scala.meta.internal.tokenizers.LegacyScanner.foreach(LegacyScanner.scala:1011)
	at scala.meta.internal.tokenizers.ScalametaTokenizer.uncachedTokenize(ScalametaTokenizer.scala:24)
	at scala.meta.internal.tokenizers.ScalametaTokenizer.$anonfun$tokenize$1(ScalametaTokenizer.scala:17)
	at scala.collection.concurrent.TrieMap.getOrElseUpdate(TrieMap.scala:962)
	at scala.meta.internal.tokenizers.ScalametaTokenizer.tokenize(ScalametaTokenizer.scala:17)
	at scala.meta.internal.tokenizers.ScalametaTokenizer$$anon$2.apply(ScalametaTokenizer.scala:332)
	at scala.meta.tokenizers.Api$XtensionTokenizeDialectInput.tokenize(Api.scala:25)
	at scala.meta.tokenizers.Api$XtensionTokenizeInputLike.tokenize(Api.scala:14)
	at scala.meta.internal.metals.SemanticTokensProvider$.getTokens(SemanticTokensProvider.scala:28)
	at scala.meta.internal.metals.SemanticTokensProvider$.provide(SemanticTokensProvider.scala:89)
	at scala.meta.internal.metals.Compilers.$anonfun$semanticTokens$3(Compilers.scala:539)
	at scala.concurrent.impl.Promise$Transformation.run(Promise.scala:467)
	at java.util.concurrent.ThreadPoolExecutor.runWorker(ThreadPoolExecutor.java:1136)
	at java.util.concurrent.ThreadPoolExecutor$Worker.run(ThreadPoolExecutor.java:635)
	at java.lang.Thread.run(Thread.java:833)
[0m
2023.11.28 22:31:13 WARN  no build target for: /home/eduarda/Documentos/GitHub/Jogo-Termo-em-Scala/src/main/Termo/main.scala[0m
2023.11.28 22:31:13 ERROR Failed to tokenize input for semantic tokens for /home/eduarda/Documentos/GitHub/Jogo-Termo-em-Scala/src/main/Termo/main.scala
scala.meta.tokenizers.TokenizeException: <input>:5: error: unclosed character literal
    println('Hello World!')
                         ^
	at scala.meta.internal.tokenizers.Reporter.syntaxError(Reporter.scala:23)
	at scala.meta.internal.tokenizers.Reporter.syntaxError$(Reporter.scala:23)
	at scala.meta.internal.tokenizers.Reporter$$anon$1.syntaxError(Reporter.scala:33)
	at scala.meta.internal.tokenizers.Reporter.syntaxError(Reporter.scala:25)
	at scala.meta.internal.tokenizers.Reporter.syntaxError$(Reporter.scala:25)
	at scala.meta.internal.tokenizers.Reporter$$anon$1.syntaxError(Reporter.scala:33)
	at scala.meta.internal.tokenizers.LegacyScanner.fetchSingleQuote$1(LegacyScanner.scala:407)
	at scala.meta.internal.tokenizers.LegacyScanner.fetchToken(LegacyScanner.scala:412)
	at scala.meta.internal.tokenizers.LegacyScanner.nextToken(LegacyScanner.scala:211)
	at scala.meta.internal.tokenizers.LegacyScanner.foreach(LegacyScanner.scala:1011)
	at scala.meta.internal.tokenizers.ScalametaTokenizer.uncachedTokenize(ScalametaTokenizer.scala:24)
	at scala.meta.internal.tokenizers.ScalametaTokenizer.$anonfun$tokenize$1(ScalametaTokenizer.scala:17)
	at scala.collection.concurrent.TrieMap.getOrElseUpdate(TrieMap.scala:962)
	at scala.meta.internal.tokenizers.ScalametaTokenizer.tokenize(ScalametaTokenizer.scala:17)
	at scala.meta.internal.tokenizers.ScalametaTokenizer$$anon$2.apply(ScalametaTokenizer.scala:332)
	at scala.meta.tokenizers.Api$XtensionTokenizeDialectInput.tokenize(Api.scala:25)
	at scala.meta.tokenizers.Api$XtensionTokenizeInputLike.tokenize(Api.scala:14)
	at scala.meta.internal.metals.SemanticTokensProvider$.getTokens(SemanticTokensProvider.scala:28)
	at scala.meta.internal.metals.SemanticTokensProvider$.provide(SemanticTokensProvider.scala:89)
	at scala.meta.internal.metals.Compilers.$anonfun$semanticTokens$3(Compilers.scala:539)
	at scala.concurrent.impl.Promise$Transformation.run(Promise.scala:467)
	at java.util.concurrent.ThreadPoolExecutor.runWorker(ThreadPoolExecutor.java:1136)
	at java.util.concurrent.ThreadPoolExecutor$Worker.run(ThreadPoolExecutor.java:635)
	at java.lang.Thread.run(Thread.java:833)
[0m
2023.11.28 22:31:16 WARN  no build target for: /home/eduarda/Documentos/GitHub/Jogo-Termo-em-Scala/src/main/Termo/main.scala[0m
2023.11.28 22:31:17 ERROR Failed to tokenize input for semantic tokens for /home/eduarda/Documentos/GitHub/Jogo-Termo-em-Scala/src/main/Termo/main.scala
scala.meta.tokenizers.TokenizeException: <input>:5: error: unclosed string literal
    println("Hello World!"")
                          ^
	at scala.meta.internal.tokenizers.Reporter.syntaxError(Reporter.scala:23)
	at scala.meta.internal.tokenizers.Reporter.syntaxError$(Reporter.scala:23)
	at scala.meta.internal.tokenizers.Reporter$$anon$1.syntaxError(Reporter.scala:33)
	at scala.meta.internal.tokenizers.Reporter.syntaxError(Reporter.scala:25)
	at scala.meta.internal.tokenizers.Reporter.syntaxError$(Reporter.scala:25)
	at scala.meta.internal.tokenizers.Reporter$$anon$1.syntaxError(Reporter.scala:33)
	at scala.meta.internal.tokenizers.LegacyScanner.getStringLit(LegacyScanner.scala:553)
	at scala.meta.internal.tokenizers.LegacyScanner.fetchDoubleQuote$1(LegacyScanner.scala:372)
	at scala.meta.internal.tokenizers.LegacyScanner.fetchToken(LegacyScanner.scala:376)
	at scala.meta.internal.tokenizers.LegacyScanner.nextToken(LegacyScanner.scala:211)
	at scala.meta.internal.tokenizers.LegacyScanner.foreach(LegacyScanner.scala:1011)
	at scala.meta.internal.tokenizers.ScalametaTokenizer.uncachedTokenize(ScalametaTokenizer.scala:24)
	at scala.meta.internal.tokenizers.ScalametaTokenizer.$anonfun$tokenize$1(ScalametaTokenizer.scala:17)
	at scala.collection.concurrent.TrieMap.getOrElseUpdate(TrieMap.scala:962)
	at scala.meta.internal.tokenizers.ScalametaTokenizer.tokenize(ScalametaTokenizer.scala:17)
	at scala.meta.internal.tokenizers.ScalametaTokenizer$$anon$2.apply(ScalametaTokenizer.scala:332)
	at scala.meta.tokenizers.Api$XtensionTokenizeDialectInput.tokenize(Api.scala:25)
	at scala.meta.tokenizers.Api$XtensionTokenizeInputLike.tokenize(Api.scala:14)
	at scala.meta.internal.metals.SemanticTokensProvider$.getTokens(SemanticTokensProvider.scala:28)
	at scala.meta.internal.metals.SemanticTokensProvider$.provide(SemanticTokensProvider.scala:89)
	at scala.meta.internal.metals.Compilers.$anonfun$semanticTokens$3(Compilers.scala:539)
	at scala.concurrent.impl.Promise$Transformation.run(Promise.scala:467)
	at java.util.concurrent.ThreadPoolExecutor.runWorker(ThreadPoolExecutor.java:1136)
	at java.util.concurrent.ThreadPoolExecutor$Worker.run(ThreadPoolExecutor.java:635)
	at java.lang.Thread.run(Thread.java:833)
[0m
2023.11.28 22:31:20 WARN  no build target for: /home/eduarda/Documentos/GitHub/Jogo-Termo-em-Scala/src/main/Termo/main.scala[0m
2023.11.28 22:31:23 WARN  no build target for: /home/eduarda/Documentos/GitHub/Jogo-Termo-em-Scala/src/main/Termo/main.scala[0m
nov. 28, 2023 10:31:38 PM org.eclipse.lsp4j.jsonrpc.RemoteEndpoint handleCancellation
ADVERTÃŠNCIA: Unmatched cancel notification for request id 276
2023.11.28 22:31:40 WARN  Could not find semantic tokens for: file:///home/eduarda/Documentos/GitHub/Jogo-Termo-em-Scala/build.sbt[0m
2023.11.28 22:31:41 WARN  Could not find semantic tokens for: file:///home/eduarda/Documentos/GitHub/Jogo-Termo-em-Scala/build.sbt[0m
2023.11.28 22:31:42 WARN  no build target for: /home/eduarda/Documentos/GitHub/Jogo-Termo-em-Scala/build.sbt[0m
2023.11.28 22:31:42 WARN  Could not find semantic tokens for: file:///home/eduarda/Documentos/GitHub/Jogo-Termo-em-Scala/build.sbt[0m
2023.11.28 22:31:43 WARN  Could not find semantic tokens for: file:///home/eduarda/Documentos/GitHub/Jogo-Termo-em-Scala/build.sbt[0m
2023.11.28 22:31:46 WARN  Could not find semantic tokens for: file:///home/eduarda/Documentos/GitHub/Jogo-Termo-em-Scala/build.sbt[0m
2023.11.28 22:31:46 WARN  Could not find semantic tokens for: file:///home/eduarda/Documentos/GitHub/Jogo-Termo-em-Scala/build.sbt[0m
2023.11.28 22:31:47 WARN  Could not find semantic tokens for: file:///home/eduarda/Documentos/GitHub/Jogo-Termo-em-Scala/build.sbt[0m
2023.11.28 22:31:49 WARN  no build target for: /home/eduarda/Documentos/GitHub/Jogo-Termo-em-Scala/build.sbt[0m
2023.11.28 22:31:49 WARN  Could not find semantic tokens for: file:///home/eduarda/Documentos/GitHub/Jogo-Termo-em-Scala/build.sbt[0m
2023.11.28 22:31:49 WARN  Could not find semantic tokens for: file:///home/eduarda/Documentos/GitHub/Jogo-Termo-em-Scala/build.sbt[0m
2023.11.28 22:31:59 INFO  skipping build import with status 'Dismissed'[0m
2023.11.28 22:32:04 WARN  Could not find semantic tokens for: file:///home/eduarda/Documentos/GitHub/Jogo-Termo-em-Scala/build.sbt[0m
2023.11.28 22:32:06 WARN  no build target for: /home/eduarda/Documentos/GitHub/Jogo-Termo-em-Scala/build.sbt[0m
2023.11.28 22:32:06 INFO  skipping build import with status 'Dismissed'[0m
2023.11.28 22:32:06 WARN  Could not find semantic tokens for: file:///home/eduarda/Documentos/GitHub/Jogo-Termo-em-Scala/build.sbt[0m
2023.11.28 22:32:06 INFO  running '/usr/lib/jvm/bellsoft-java17-amd64/bin/java -Djline.terminal=jline.UnsupportedTerminal -Dsbt.log.noformat=true -Dfile.encoding=UTF-8 -Dsbt.version=1.9.6 -jar /tmp/metals3809496459589440083/sbt-launch.jar -Dbloop.export-jar-classifiers=sources bloopInstall'[0m
2023.11.28 22:32:06 ERROR [info] [launcher] getting org.scala-sbt sbt 1.9.6  (this may take some time)...[0m
2023.11.28 22:32:06 WARN  no build target for: /home/eduarda/Documentos/GitHub/Jogo-Termo-em-Scala/project/metals.sbt[0m
2023.11.28 22:32:06 WARN  Could not find semantic tokens for: file:///home/eduarda/Documentos/GitHub/Jogo-Termo-em-Scala/build.sbt[0m
2023.11.28 22:32:06 INFO  skipping build import with status 'Dismissed'[0m
2023.11.28 22:32:37 INFO  user cancelled sbt bloopInstall[0m
2023.11.28 22:32:37 INFO  time: ran 'sbt bloopInstall' in 31s[0m
2023.11.28 22:32:48 WARN  Could not find semantic tokens for: file:///home/eduarda/Documentos/GitHub/Jogo-Termo-em-Scala/build.sbt[0m
2023.11.28 22:32:49 WARN  Could not find semantic tokens for: file:///home/eduarda/Documentos/GitHub/Jogo-Termo-em-Scala/build.sbt[0m
2023.11.28 22:32:51 WARN  no build target for: /home/eduarda/Documentos/GitHub/Jogo-Termo-em-Scala/build.sbt[0m
2023.11.28 22:33:27 INFO  skipping build import with status 'Dismissed'[0m
2023.11.28 22:33:27 WARN  Could not find semantic tokens for: file:///home/eduarda/Documentos/GitHub/Jogo-Termo-em-Scala/build.sbt[0m
2023.11.28 22:33:27 WARN  Could not find semantic tokens for: file:///home/eduarda/Documentos/GitHub/Jogo-Termo-em-Scala/build.sbt[0m
2023.11.28 22:52:22 WARN  Could not find semantic tokens for: file:///home/eduarda/Documentos/GitHub/Jogo-Termo-em-Scala/build.sbt[0m
2023.11.28 22:56:20 WARN  no build target for: /home/eduarda/Documentos/GitHub/Jogo-Termo-em-Scala/src/main/Termo/main.scala[0m
2023.11.28 22:56:24 WARN  no build target for: /home/eduarda/Documentos/GitHub/Jogo-Termo-em-Scala/src/main/Termo/main.scala[0m
2023.11.28 22:56:28 WARN  Could not find semantic tokens for: file:///home/eduarda/Documentos/GitHub/Jogo-Termo-em-Scala/build.sbt[0m
2023.11.28 22:56:35 WARN  no build target for: /home/eduarda/Documentos/GitHub/Jogo-Termo-em-Scala/main.scala[0m
2023.11.28 22:57:58 WARN  Could not find semantic tokens for: file:///home/eduarda/Documentos/GitHub/Jogo-Termo-em-Scala/build.sbt[0m
2023.11.28 22:57:59 WARN  Could not find semantic tokens for: file:///home/eduarda/Documentos/GitHub/Jogo-Termo-em-Scala/build.sbt[0m
2023.11.28 22:58:01 WARN  no build target for: /home/eduarda/Documentos/GitHub/Jogo-Termo-em-Scala/build.sbt[0m
2023.11.28 22:58:01 WARN  Could not find semantic tokens for: file:///home/eduarda/Documentos/GitHub/Jogo-Termo-em-Scala/build.sbt[0m
2023.11.28 22:58:01 WARN  Could not find semantic tokens for: file:///home/eduarda/Documentos/GitHub/Jogo-Termo-em-Scala/build.sbt[0m
2023.11.28 22:58:01 WARN  Could not find semantic tokens for: file:///home/eduarda/Documentos/GitHub/Jogo-Termo-em-Scala/build.sbt[0m
2023.11.28 22:58:04 WARN  no build target for: /home/eduarda/Documentos/GitHub/Jogo-Termo-em-Scala/build.sbt[0m
2023.11.28 22:58:04 WARN  Could not find semantic tokens for: file:///home/eduarda/Documentos/GitHub/Jogo-Termo-em-Scala/build.sbt[0m
2023.11.28 22:58:05 WARN  Could not find semantic tokens for: file:///home/eduarda/Documentos/GitHub/Jogo-Termo-em-Scala/build.sbt[0m
2023.11.28 22:58:08 WARN  Could not find semantic tokens for: file:///home/eduarda/Documentos/GitHub/Jogo-Termo-em-Scala/build.sbt[0m
2023.11.28 22:58:08 WARN  Could not find semantic tokens for: file:///home/eduarda/Documentos/GitHub/Jogo-Termo-em-Scala/build.sbt[0m
2023.11.28 22:58:09 WARN  Could not find semantic tokens for: file:///home/eduarda/Documentos/GitHub/Jogo-Termo-em-Scala/build.sbt[0m
2023.11.28 22:58:10 WARN  Could not find semantic tokens for: file:///home/eduarda/Documentos/GitHub/Jogo-Termo-em-Scala/build.sbt[0m
2023.11.28 22:58:12 WARN  no build target for: /home/eduarda/Documentos/GitHub/Jogo-Termo-em-Scala/build.sbt[0m
2023.11.28 22:58:12 WARN  Could not find semantic tokens for: file:///home/eduarda/Documentos/GitHub/Jogo-Termo-em-Scala/build.sbt[0m
2023.11.28 22:58:12 WARN  Could not find semantic tokens for: file:///home/eduarda/Documentos/GitHub/Jogo-Termo-em-Scala/build.sbt[0m
2023.11.28 22:59:06 WARN  Could not find semantic tokens for: file:///home/eduarda/Documentos/GitHub/Jogo-Termo-em-Scala/build.sbt[0m
2023.11.28 22:59:06 WARN  Could not find semantic tokens for: file:///home/eduarda/Documentos/GitHub/Jogo-Termo-em-Scala/build.sbt[0m
2023.11.28 22:59:08 WARN  no build target for: /home/eduarda/Documentos/GitHub/Jogo-Termo-em-Scala/build.sbt[0m
2023.11.28 22:59:08 INFO  skipping build import with status 'Dismissed'[0m
2023.11.28 22:59:08 WARN  Could not find semantic tokens for: file:///home/eduarda/Documentos/GitHub/Jogo-Termo-em-Scala/build.sbt[0m
2023.11.28 22:59:08 WARN  Could not find semantic tokens for: file:///home/eduarda/Documentos/GitHub/Jogo-Termo-em-Scala/build.sbt[0m
2023.11.28 22:59:22 WARN  Could not find semantic tokens for: file:///home/eduarda/Documentos/GitHub/Jogo-Termo-em-Scala/build.sbt[0m
2023.11.28 22:59:22 WARN  Could not find semantic tokens for: file:///home/eduarda/Documentos/GitHub/Jogo-Termo-em-Scala/build.sbt[0m
2023.11.28 22:59:24 WARN  Could not find semantic tokens for: file:///home/eduarda/Documentos/GitHub/Jogo-Termo-em-Scala/build.sbt[0m
2023.11.28 22:59:25 WARN  no build target for: /home/eduarda/Documentos/GitHub/Jogo-Termo-em-Scala/build.sbt[0m
2023.11.28 22:59:50 INFO  skipping build import with status 'Dismissed'[0m
2023.11.28 22:59:50 WARN  Could not find semantic tokens for: file:///home/eduarda/Documentos/GitHub/Jogo-Termo-em-Scala/build.sbt[0m
2023.11.28 22:59:50 WARN  Could not find semantic tokens for: file:///home/eduarda/Documentos/GitHub/Jogo-Termo-em-Scala/build.sbt[0m
2023.11.28 23:00:59 WARN  Could not find semantic tokens for: file:///home/eduarda/Documentos/GitHub/Jogo-Termo-em-Scala/build.sbt[0m
2023.11.28 23:01:00 WARN  no build target for: /home/eduarda/Documentos/GitHub/Jogo-Termo-em-Scala/build.sbt[0m
2023.11.28 23:01:01 WARN  Could not find semantic tokens for: file:///home/eduarda/Documentos/GitHub/Jogo-Termo-em-Scala/build.sbt[0m
2023.11.28 23:01:02 WARN  Could not find semantic tokens for: file:///home/eduarda/Documentos/GitHub/Jogo-Termo-em-Scala/build.sbt[0m
2023.11.28 23:01:03 WARN  Could not find semantic tokens for: file:///home/eduarda/Documentos/GitHub/Jogo-Termo-em-Scala/build.sbt[0m
2023.11.28 23:01:04 WARN  Could not find semantic tokens for: file:///home/eduarda/Documentos/GitHub/Jogo-Termo-em-Scala/build.sbt[0m
2023.11.28 23:01:05 WARN  Could not find semantic tokens for: file:///home/eduarda/Documentos/GitHub/Jogo-Termo-em-Scala/build.sbt[0m
2023.11.28 23:01:05 WARN  Could not find semantic tokens for: file:///home/eduarda/Documentos/GitHub/Jogo-Termo-em-Scala/build.sbt[0m
2023.11.28 23:01:07 WARN  Could not find semantic tokens for: file:///home/eduarda/Documentos/GitHub/Jogo-Termo-em-Scala/build.sbt[0m
2023.11.28 23:01:09 WARN  no build target for: /home/eduarda/Documentos/GitHub/Jogo-Termo-em-Scala/build.sbt[0m
2023.11.28 23:02:10 WARN  Could not find semantic tokens for: file:///home/eduarda/Documentos/GitHub/Jogo-Termo-em-Scala/build.sbt[0m
2023.11.28 23:02:13 WARN  Could not find semantic tokens for: file:///home/eduarda/Documentos/GitHub/Jogo-Termo-em-Scala/build.sbt[0m
2023.11.28 23:02:14 WARN  Could not find semantic tokens for: file:///home/eduarda/Documentos/GitHub/Jogo-Termo-em-Scala/build.sbt[0m
2023.11.28 23:02:16 WARN  no build target for: /home/eduarda/Documentos/GitHub/Jogo-Termo-em-Scala/build.sbt[0m
2023.11.28 23:02:16 INFO  skipping build import with status 'Dismissed'[0m
2023.11.28 23:02:16 WARN  Could not find semantic tokens for: file:///home/eduarda/Documentos/GitHub/Jogo-Termo-em-Scala/build.sbt[0m
2023.11.28 23:02:16 WARN  Could not find semantic tokens for: file:///home/eduarda/Documentos/GitHub/Jogo-Termo-em-Scala/build.sbt[0m
2023.11.28 23:02:23 WARN  Could not find semantic tokens for: file:///home/eduarda/Documentos/GitHub/Jogo-Termo-em-Scala/build.sbt[0m
2023.11.28 23:02:24 WARN  Could not find semantic tokens for: file:///home/eduarda/Documentos/GitHub/Jogo-Termo-em-Scala/build.sbt[0m
2023.11.28 23:02:24 WARN  no build target for: /home/eduarda/Documentos/GitHub/Jogo-Termo-em-Scala/build.sbt[0m
2023.11.28 23:02:24 INFO  skipping build import with status 'Dismissed'[0m
2023.11.28 23:02:24 WARN  Could not find semantic tokens for: file:///home/eduarda/Documentos/GitHub/Jogo-Termo-em-Scala/build.sbt[0m
2023.11.28 23:02:25 WARN  Could not find semantic tokens for: file:///home/eduarda/Documentos/GitHub/Jogo-Termo-em-Scala/build.sbt[0m
2023.11.28 23:02:37 WARN  Could not find semantic tokens for: file:///home/eduarda/Documentos/GitHub/Jogo-Termo-em-Scala/build.sbt[0m
2023.11.28 23:02:37 WARN  Could not find semantic tokens for: file:///home/eduarda/Documentos/GitHub/Jogo-Termo-em-Scala/build.sbt[0m
2023.11.28 23:02:39 WARN  no build target for: /home/eduarda/Documentos/GitHub/Jogo-Termo-em-Scala/build.sbt[0m
2023.11.28 23:02:39 INFO  skipping build import with status 'Dismissed'[0m
2023.11.28 23:02:39 WARN  Could not find semantic tokens for: file:///home/eduarda/Documentos/GitHub/Jogo-Termo-em-Scala/build.sbt[0m
2023.11.28 23:02:39 WARN  Could not find semantic tokens for: file:///home/eduarda/Documentos/GitHub/Jogo-Termo-em-Scala/build.sbt[0m
2023.11.28 23:04:06 WARN  Could not find semantic tokens for: file:///home/eduarda/Documentos/GitHub/Jogo-Termo-em-Scala/build.sbt[0m
2023.11.28 23:04:07 WARN  Could not find semantic tokens for: file:///home/eduarda/Documentos/GitHub/Jogo-Termo-em-Scala/build.sbt[0m
2023.11.28 23:04:09 WARN  Could not find semantic tokens for: file:///home/eduarda/Documentos/GitHub/Jogo-Termo-em-Scala/build.sbt[0m
2023.11.28 23:04:09 WARN  Could not find semantic tokens for: file:///home/eduarda/Documentos/GitHub/Jogo-Termo-em-Scala/build.sbt[0m
2023.11.28 23:04:10 WARN  no build target for: /home/eduarda/Documentos/GitHub/Jogo-Termo-em-Scala/build.sbt[0m
2023.11.28 23:04:10 WARN  Could not find semantic tokens for: file:///home/eduarda/Documentos/GitHub/Jogo-Termo-em-Scala/build.sbt[0m
2023.11.28 23:04:11 WARN  Could not find semantic tokens for: file:///home/eduarda/Documentos/GitHub/Jogo-Termo-em-Scala/build.sbt[0m
2023.11.28 23:05:25 WARN  Could not find semantic tokens for: file:///home/eduarda/Documentos/GitHub/Jogo-Termo-em-Scala/build.sbt[0m
2023.11.28 23:05:25 WARN  Could not find semantic tokens for: file:///home/eduarda/Documentos/GitHub/Jogo-Termo-em-Scala/build.sbt[0m
2023.11.28 23:05:27 WARN  no build target for: /home/eduarda/Documentos/GitHub/Jogo-Termo-em-Scala/build.sbt[0m
2023.11.28 23:05:27 INFO  skipping build import with status 'Dismissed'[0m
2023.11.28 23:05:27 WARN  Could not find semantic tokens for: file:///home/eduarda/Documentos/GitHub/Jogo-Termo-em-Scala/build.sbt[0m
2023.11.28 23:05:27 WARN  Could not find semantic tokens for: file:///home/eduarda/Documentos/GitHub/Jogo-Termo-em-Scala/build.sbt[0m
2023.11.28 23:05:28 WARN  Could not find semantic tokens for: file:///home/eduarda/Documentos/GitHub/Jogo-Termo-em-Scala/build.sbt[0m
2023.11.28 23:05:29 WARN  Could not find semantic tokens for: file:///home/eduarda/Documentos/GitHub/Jogo-Termo-em-Scala/build.sbt[0m
2023.11.28 23:05:30 WARN  no build target for: /home/eduarda/Documentos/GitHub/Jogo-Termo-em-Scala/build.sbt[0m
2023.11.28 23:05:32 INFO  skipping build import with status 'Dismissed'[0m
2023.11.28 23:05:32 WARN  Could not find semantic tokens for: file:///home/eduarda/Documentos/GitHub/Jogo-Termo-em-Scala/build.sbt[0m
2023.11.28 23:05:32 WARN  Could not find semantic tokens for: file:///home/eduarda/Documentos/GitHub/Jogo-Termo-em-Scala/build.sbt[0m
2023.11.28 23:05:50 WARN  no build target for: /home/eduarda/Documentos/GitHub/Jogo-Termo-em-Scala/src/main/Termo/main.scala[0m
2023.11.28 23:05:57 WARN  no build target for: /home/eduarda/Documentos/GitHub/Jogo-Termo-em-Scala/src/main/Termo/main.scala[0m
2023.11.28 23:06:00 WARN  no build target for: /home/eduarda/Documentos/GitHub/Jogo-Termo-em-Scala/src/main/Termo/main.scala[0m
2023.11.28 23:06:18 WARN  no build target for: /home/eduarda/Documentos/GitHub/Jogo-Termo-em-Scala/src/main/Termo/main.scala[0m
2023.11.28 23:06:21 WARN  no build target for: /home/eduarda/Documentos/GitHub/Jogo-Termo-em-Scala/src/main/Termo/main.scala[0m
2023.11.28 23:06:22 WARN  no build target for: /home/eduarda/Documentos/GitHub/Jogo-Termo-em-Scala/src/main/Termo/main.scala[0m
2023.11.28 23:06:27 WARN  no build target for: /home/eduarda/Documentos/GitHub/Jogo-Termo-em-Scala/src/main/Termo/main.scala[0m
2023.11.28 23:06:31 WARN  no build target for: /home/eduarda/Documentos/GitHub/Jogo-Termo-em-Scala/src/main/Termo/main.scala[0m
2023.11.28 23:06:40 WARN  no build target for: /home/eduarda/Documentos/GitHub/Jogo-Termo-em-Scala/src/main/Termo/main.scala[0m
2023.11.28 23:06:47 WARN  no build target for: /home/eduarda/Documentos/GitHub/Jogo-Termo-em-Scala/src/main/Termo/main.scala[0m
2023.11.28 23:26:54 WARN  Could not find semantic tokens for: file:///home/eduarda/Documentos/GitHub/Jogo-Termo-em-Scala/build.sbt[0m
2023.11.28 23:26:55 WARN  no build target for: /home/eduarda/Documentos/GitHub/Jogo-Termo-em-Scala/src/main/Termo/main.scala[0m
2023.11.28 23:26:54 WARN  Could not find semantic tokens for: file:///home/eduarda/Documentos/GitHub/Jogo-Termo-em-Scala/build.sbt[0m
2023.11.28 23:26:58 WARN  Could not find semantic tokens for: file:///home/eduarda/Documentos/GitHub/Jogo-Termo-em-Scala/build.sbt[0m
2023.11.28 23:26:58 WARN  Could not find semantic tokens for: file:///home/eduarda/Documentos/GitHub/Jogo-Termo-em-Scala/build.sbt[0m
2023.11.28 23:26:59 WARN  Could not find semantic tokens for: file:///home/eduarda/Documentos/GitHub/Jogo-Termo-em-Scala/build.sbt[0m
2023.11.28 23:26:59 WARN  Could not find semantic tokens for: file:///home/eduarda/Documentos/GitHub/Jogo-Termo-em-Scala/build.sbt[0m
2023.11.28 23:27:00 WARN  Could not find semantic tokens for: file:///home/eduarda/Documentos/GitHub/Jogo-Termo-em-Scala/build.sbt[0m
2023.11.28 23:27:02 WARN  no build target for: /home/eduarda/Documentos/GitHub/Jogo-Termo-em-Scala/build.sbt[0m
2023.11.28 23:27:17 WARN  Could not find semantic tokens for: file:///home/eduarda/Documentos/GitHub/Jogo-Termo-em-Scala/build.sbt[0m
2023.11.28 23:27:17 WARN  Could not find semantic tokens for: file:///home/eduarda/Documentos/GitHub/Jogo-Termo-em-Scala/build.sbt[0m
2023.11.28 23:27:26 WARN  no build target for: /home/eduarda/Documentos/GitHub/Jogo-Termo-em-Scala/src/main/Termo/main.scala[0m
2023.11.28 23:27:35 WARN  no build target for: /home/eduarda/Documentos/GitHub/Jogo-Termo-em-Scala/src/main/Termo/main.scala[0m
2023.11.28 23:27:36 WARN  no build target for: /home/eduarda/Documentos/GitHub/Jogo-Termo-em-Scala/src/main/Termo/main.scala[0m
2023.11.28 23:27:43 WARN  no build target for: /home/eduarda/Documentos/GitHub/Jogo-Termo-em-Scala/src/main/Termo/main.scala[0m
2023.11.28 23:27:49 WARN  no build target for: /home/eduarda/Documentos/GitHub/Jogo-Termo-em-Scala/src/main/Termo/main.scala[0m
2023.11.28 23:27:52 WARN  no build target for: /home/eduarda/Documentos/GitHub/Jogo-Termo-em-Scala/src/main/Termo/main.scala[0m
2023.11.28 23:27:55 WARN  no build target for: /home/eduarda/Documentos/GitHub/Jogo-Termo-em-Scala/src/main/Termo/main.scala[0m
2023.11.28 23:27:58 WARN  no build target for: /home/eduarda/Documentos/GitHub/Jogo-Termo-em-Scala/src/main/Termo/main.scala[0m
2023.11.28 23:28:01 WARN  no build target for: /home/eduarda/Documentos/GitHub/Jogo-Termo-em-Scala/src/main/Termo/main.scala[0m
2023.11.28 23:28:06 WARN  no build target for: /home/eduarda/Documentos/GitHub/Jogo-Termo-em-Scala/src/main/Termo/main.scala[0m
2023.11.28 23:28:11 WARN  no build target for: /home/eduarda/Documentos/GitHub/Jogo-Termo-em-Scala/src/main/Termo/main.scala[0m
2023.11.28 23:28:17 WARN  no build target for: /home/eduarda/Documentos/GitHub/Jogo-Termo-em-Scala/src/main/Termo/main.scala[0m
2023.11.28 23:28:24 WARN  no build target for: /home/eduarda/Documentos/GitHub/Jogo-Termo-em-Scala/src/main/Termo/main.scala[0m
2023.11.28 23:28:31 WARN  no build target for: /home/eduarda/Documentos/GitHub/Jogo-Termo-em-Scala/src/main/Termo/main.scala[0m
2023.11.28 23:28:35 WARN  no build target for: /home/eduarda/Documentos/GitHub/Jogo-Termo-em-Scala/src/main/Termo/main.scala[0m
nov. 28, 2023 11:28:56 PM org.eclipse.lsp4j.jsonrpc.RemoteEndpoint handleCancellation
ADVERTÃŠNCIA: Unmatched cancel notification for request id 1056
2023.11.28 23:29:20 WARN  no build target for: /home/eduarda/Documentos/GitHub/Jogo-Termo-em-Scala/src/main/Termo/main.scala[0m
2023.11.28 23:29:27 WARN  no build target for: /home/eduarda/Documentos/GitHub/Jogo-Termo-em-Scala/src/main/Termo/main.scala[0m
2023.11.28 23:29:46 WARN  no build target for: /home/eduarda/Documentos/GitHub/Jogo-Termo-em-Scala/src/main/Termo/main.scala[0m
2023.11.28 23:30:00 WARN  no build target for: /home/eduarda/Documentos/GitHub/Jogo-Termo-em-Scala/src/main/Termo/main.scala[0m
2023.11.28 23:30:52 WARN  no build target for: /home/eduarda/Documentos/GitHub/Jogo-Termo-em-Scala/src/main/Termo/main.scala[0m
2023.11.28 23:30:58 WARN  no build target for: /home/eduarda/Documentos/GitHub/Jogo-Termo-em-Scala/src/main/Termo/main.scala[0m
2023.11.28 23:33:25 WARN  no build target for: /home/eduarda/Documentos/GitHub/Jogo-Termo-em-Scala/src/main/Termo/main.scala[0m
2023.11.28 23:33:26 WARN  no build target for: /home/eduarda/Documentos/GitHub/Jogo-Termo-em-Scala/src/main/Termo/main.scala[0m
2023.11.28 23:33:57 WARN  no build target for: /home/eduarda/Documentos/GitHub/Jogo-Termo-em-Scala/src/main/Termo/main.scala[0m
2023.11.28 23:35:14 WARN  no build target for: /home/eduarda/Documentos/GitHub/Jogo-Termo-em-Scala/src/main/Termo/main.scala[0m
2023.11.28 23:35:18 WARN  no build target for: /home/eduarda/Documentos/GitHub/Jogo-Termo-em-Scala/src/main/Termo/main.scala[0m
2023.11.28 23:35:20 WARN  no build target for: /home/eduarda/Documentos/GitHub/Jogo-Termo-em-Scala/src/main/Termo/main.scala[0m
2023.11.28 23:36:17 WARN  no build target for: /home/eduarda/Documentos/GitHub/Jogo-Termo-em-Scala/src/main/Termo/main.scala[0m
nov. 28, 2023 11:36:59 PM org.eclipse.lsp4j.jsonrpc.RemoteEndpoint handleCancellation
ADVERTÃŠNCIA: Unmatched cancel notification for request id 1341
2023.11.28 23:37:00 WARN  no build target for: /home/eduarda/Documentos/GitHub/Jogo-Termo-em-Scala/src/main/Termo/main.scala[0m
2023.11.28 23:37:06 WARN  no build target for: /home/eduarda/Documentos/GitHub/Jogo-Termo-em-Scala/src/main/Termo/main.scala[0m
nov. 28, 2023 11:37:07 PM org.eclipse.lsp4j.jsonrpc.RemoteEndpoint handleCancellation
ADVERTÃŠNCIA: Unmatched cancel notification for request id 1360
2023.11.28 23:37:12 WARN  no build target for: /home/eduarda/Documentos/GitHub/Jogo-Termo-em-Scala/src/main/Termo/main.scala[0m
2023.11.28 23:37:17 WARN  no build target for: /home/eduarda/Documentos/GitHub/Jogo-Termo-em-Scala/src/main/Termo/main.scala[0m
2023.11.28 23:37:25 WARN  no build target for: /home/eduarda/Documentos/GitHub/Jogo-Termo-em-Scala/src/main/Termo/main.scala[0m
2023.11.28 23:37:30 WARN  no build target for: /home/eduarda/Documentos/GitHub/Jogo-Termo-em-Scala/src/main/Termo/main.scala[0m
2023.11.28 23:37:34 WARN  no build target for: /home/eduarda/Documentos/GitHub/Jogo-Termo-em-Scala/src/main/Termo/main.scala[0m
2023.11.28 23:37:37 WARN  no build target for: /home/eduarda/Documentos/GitHub/Jogo-Termo-em-Scala/src/main/Termo/main.scala[0m
2023.11.28 23:37:42 WARN  no build target for: /home/eduarda/Documentos/GitHub/Jogo-Termo-em-Scala/src/main/Termo/main.scala[0m
2023.11.28 23:38:08 WARN  no build target for: /home/eduarda/Documentos/GitHub/Jogo-Termo-em-Scala/src/main/Termo/main.scala[0m
2023.11.28 23:38:16 WARN  no build target for: /home/eduarda/Documentos/GitHub/Jogo-Termo-em-Scala/src/main/Termo/main.scala[0m
2023.11.28 23:38:17 WARN  no build target for: /home/eduarda/Documentos/GitHub/Jogo-Termo-em-Scala/src/main/Termo/main.scala[0m
2023.11.28 23:38:18 WARN  no build target for: /home/eduarda/Documentos/GitHub/Jogo-Termo-em-Scala/src/main/Termo/main.scala[0m
2023.11.28 23:38:18 WARN  no build target for: /home/eduarda/Documentos/GitHub/Jogo-Termo-em-Scala/src/main/Termo/main.scala[0m
2023.11.28 23:38:37 WARN  no build target for: /home/eduarda/Documentos/GitHub/Jogo-Termo-em-Scala/src/main/Termo/main.scala[0m
2023.11.28 23:38:38 WARN  no build target for: /home/eduarda/Documentos/GitHub/Jogo-Termo-em-Scala/src/main/Termo/main.scala[0m
2023.11.28 23:45:50 WARN  Could not find semantic tokens for: file:///home/eduarda/Documentos/GitHub/Jogo-Termo-em-Scala/build.sbt[0m
2023.11.28 23:45:52 WARN  Could not find semantic tokens for: file:///home/eduarda/Documentos/GitHub/Jogo-Termo-em-Scala/build.sbt[0m
2023.11.28 23:45:52 WARN  Could not find semantic tokens for: file:///home/eduarda/Documentos/GitHub/Jogo-Termo-em-Scala/build.sbt[0m
2023.11.28 23:45:54 WARN  no build target for: /home/eduarda/Documentos/GitHub/Jogo-Termo-em-Scala/build.sbt[0m
2023.11.28 23:45:54 WARN  Could not find semantic tokens for: file:///home/eduarda/Documentos/GitHub/Jogo-Termo-em-Scala/build.sbt[0m
2023.11.28 23:45:54 WARN  Could not find semantic tokens for: file:///home/eduarda/Documentos/GitHub/Jogo-Termo-em-Scala/build.sbt[0m
2023.11.28 23:46:11 WARN  no build target for: /home/eduarda/Documentos/GitHub/Jogo-Termo-em-Scala/src/main/Termo/main.scala[0m
2023.11.28 23:46:16 WARN  no build target for: /home/eduarda/Documentos/GitHub/Jogo-Termo-em-Scala/src/main/Termo/main.scala[0m
2023.11.28 23:46:36 WARN  no build target for: /home/eduarda/Documentos/GitHub/Jogo-Termo-em-Scala/src/main/Termo/main.scala[0m
2023.11.28 23:46:40 WARN  no build target for: /home/eduarda/Documentos/GitHub/Jogo-Termo-em-Scala/src/main/Termo/main.scala[0m
2023.11.28 23:46:44 WARN  no build target for: /home/eduarda/Documentos/GitHub/Jogo-Termo-em-Scala/src/main/Termo/main.scala[0m
2023.11.28 23:47:49 WARN  no build target for: /home/eduarda/Documentos/GitHub/Jogo-Termo-em-Scala/src/main/Termo/main.scala[0m
2023.11.28 23:47:52 WARN  no build target for: /home/eduarda/Documentos/GitHub/Jogo-Termo-em-Scala/src/main/Termo/main.scala[0m
2023.11.28 23:47:56 WARN  no build target for: /home/eduarda/Documentos/GitHub/Jogo-Termo-em-Scala/src/main/Termo/main.scala[0m
2023.11.28 23:48:09 WARN  no build target for: /home/eduarda/Documentos/GitHub/Jogo-Termo-em-Scala/src/main/Termo/main.scala[0m
2023.11.28 23:48:25 WARN  no build target for: /home/eduarda/Documentos/GitHub/Jogo-Termo-em-Scala/src/main/Termo/main.scala[0m
2023.11.28 23:49:33 WARN  no build target for: /home/eduarda/Documentos/GitHub/Jogo-Termo-em-Scala/src/main/Termo/main.scala[0m
2023.11.28 23:49:37 WARN  no build target for: /home/eduarda/Documentos/GitHub/Jogo-Termo-em-Scala/src/main/Termo/main.scala[0m
2023.11.28 23:52:48 WARN  Could not find semantic tokens for: file:///home/eduarda/Documentos/GitHub/Jogo-Termo-em-Scala/build.sbt[0m
2023.11.28 23:52:53 WARN  Could not find semantic tokens for: file:///home/eduarda/Documentos/GitHub/Jogo-Termo-em-Scala/build.sbt[0m
2023.11.28 23:52:55 WARN  no build target for: /home/eduarda/Documentos/GitHub/Jogo-Termo-em-Scala/build.sbt[0m
2023.11.28 23:52:55 WARN  Could not find semantic tokens for: file:///home/eduarda/Documentos/GitHub/Jogo-Termo-em-Scala/build.sbt[0m
2023.11.28 23:52:55 WARN  Could not find semantic tokens for: file:///home/eduarda/Documentos/GitHub/Jogo-Termo-em-Scala/build.sbt[0m
2023.11.28 23:52:58 WARN  Could not find semantic tokens for: file:///home/eduarda/Documentos/GitHub/Jogo-Termo-em-Scala/build.sbt[0m
2023.11.28 23:52:59 WARN  no build target for: /home/eduarda/Documentos/GitHub/Jogo-Termo-em-Scala/build.sbt[0m
2023.11.28 23:52:59 INFO  skipping build import with status 'Dismissed'[0m
2023.11.28 23:52:59 WARN  Could not find semantic tokens for: file:///home/eduarda/Documentos/GitHub/Jogo-Termo-em-Scala/build.sbt[0m
2023.11.28 23:52:59 WARN  Could not find semantic tokens for: file:///home/eduarda/Documentos/GitHub/Jogo-Termo-em-Scala/build.sbt[0m
2023.11.28 23:53:00 WARN  no build target for: /home/eduarda/Documentos/GitHub/Jogo-Termo-em-Scala/build.sbt[0m
2023.11.28 23:53:00 INFO  skipping build import with status 'Dismissed'[0m
2023.11.28 23:52:59 WARN  Could not find semantic tokens for: file:///home/eduarda/Documentos/GitHub/Jogo-Termo-em-Scala/build.sbt[0m
2023.11.28 23:53:00 WARN  Could not find semantic tokens for: file:///home/eduarda/Documentos/GitHub/Jogo-Termo-em-Scala/build.sbt[0m
2023.11.28 23:54:25 WARN  Could not find semantic tokens for: file:///home/eduarda/Documentos/GitHub/Jogo-Termo-em-Scala/build.sbt[0m
2023.11.28 23:54:27 WARN  Could not find semantic tokens for: file:///home/eduarda/Documentos/GitHub/Jogo-Termo-em-Scala/build.sbt[0m
2023.11.28 23:54:28 WARN  Could not find semantic tokens for: file:///home/eduarda/Documentos/GitHub/Jogo-Termo-em-Scala/build.sbt[0m
2023.11.28 23:54:28 WARN  no build target for: /home/eduarda/Documentos/GitHub/Jogo-Termo-em-Scala/build.sbt[0m
2023.11.28 23:54:28 INFO  skipping build import with status 'Dismissed'[0m
2023.11.28 23:54:28 WARN  Could not find semantic tokens for: file:///home/eduarda/Documentos/GitHub/Jogo-Termo-em-Scala/build.sbt[0m
2023.11.28 23:54:29 WARN  Could not find semantic tokens for: file:///home/eduarda/Documentos/GitHub/Jogo-Termo-em-Scala/build.sbt[0m
2023.11.28 23:55:46 WARN  Could not find semantic tokens for: file:///home/eduarda/Documentos/GitHub/Jogo-Termo-em-Scala/build.sbt[0m
2023.11.28 23:55:47 WARN  Could not find semantic tokens for: file:///home/eduarda/Documentos/GitHub/Jogo-Termo-em-Scala/build.sbt[0m
2023.11.28 23:55:48 WARN  Could not find semantic tokens for: file:///home/eduarda/Documentos/GitHub/Jogo-Termo-em-Scala/build.sbt[0m
2023.11.28 23:55:49 WARN  no build target for: /home/eduarda/Documentos/GitHub/Jogo-Termo-em-Scala/build.sbt[0m
2023.11.28 23:55:49 WARN  Could not find semantic tokens for: file:///home/eduarda/Documentos/GitHub/Jogo-Termo-em-Scala/build.sbt[0m
2023.11.28 23:55:50 WARN  Could not find semantic tokens for: file:///home/eduarda/Documentos/GitHub/Jogo-Termo-em-Scala/build.sbt[0m
2023.11.28 23:55:52 WARN  no build target for: /home/eduarda/Documentos/GitHub/Jogo-Termo-em-Scala/build.sbt[0m
2023.11.28 23:55:52 INFO  skipping build import with status 'Dismissed'[0m
2023.11.28 23:55:52 WARN  Could not find semantic tokens for: file:///home/eduarda/Documentos/GitHub/Jogo-Termo-em-Scala/build.sbt[0m
2023.11.28 23:55:52 WARN  Could not find semantic tokens for: file:///home/eduarda/Documentos/GitHub/Jogo-Termo-em-Scala/build.sbt[0m
2023.11.28 23:55:56 WARN  Could not find semantic tokens for: file:///home/eduarda/Documentos/GitHub/Jogo-Termo-em-Scala/build.sbt[0m
2023.11.28 23:55:56 WARN  Could not find semantic tokens for: file:///home/eduarda/Documentos/GitHub/Jogo-Termo-em-Scala/build.sbt[0m
2023.11.28 23:55:57 WARN  Could not find semantic tokens for: file:///home/eduarda/Documentos/GitHub/Jogo-Termo-em-Scala/build.sbt[0m
2023.11.28 23:55:58 WARN  Could not find semantic tokens for: file:///home/eduarda/Documentos/GitHub/Jogo-Termo-em-Scala/build.sbt[0m
2023.11.28 23:55:58 WARN  Could not find semantic tokens for: file:///home/eduarda/Documentos/GitHub/Jogo-Termo-em-Scala/build.sbt[0m
2023.11.28 23:56:00 WARN  Could not find semantic tokens for: file:///home/eduarda/Documentos/GitHub/Jogo-Termo-em-Scala/build.sbt[0m
2023.11.28 23:56:02 WARN  Could not find semantic tokens for: file:///home/eduarda/Documentos/GitHub/Jogo-Termo-em-Scala/build.sbt[0m
2023.11.28 23:56:02 WARN  Could not find semantic tokens for: file:///home/eduarda/Documentos/GitHub/Jogo-Termo-em-Scala/build.sbt[0m
2023.11.28 23:56:03 WARN  Could not find semantic tokens for: file:///home/eduarda/Documentos/GitHub/Jogo-Termo-em-Scala/build.sbt[0m
2023.11.28 23:56:05 WARN  Could not find semantic tokens for: file:///home/eduarda/Documentos/GitHub/Jogo-Termo-em-Scala/build.sbt[0m
2023.11.28 23:56:06 WARN  Could not find semantic tokens for: file:///home/eduarda/Documentos/GitHub/Jogo-Termo-em-Scala/build.sbt[0m
2023.11.28 23:56:06 WARN  Could not find semantic tokens for: file:///home/eduarda/Documentos/GitHub/Jogo-Termo-em-Scala/build.sbt[0m
2023.11.28 23:56:11 WARN  Could not find semantic tokens for: file:///home/eduarda/Documentos/GitHub/Jogo-Termo-em-Scala/build.sbt[0m
2023.11.28 23:56:12 WARN  no build target for: /home/eduarda/Documentos/GitHub/Jogo-Termo-em-Scala/build.sbt[0m
2023.11.28 23:56:12 INFO  skipping build import with status 'Dismissed'[0m
2023.11.28 23:56:12 WARN  Could not find semantic tokens for: file:///home/eduarda/Documentos/GitHub/Jogo-Termo-em-Scala/build.sbt[0m
2023.11.28 23:56:12 WARN  Could not find semantic tokens for: file:///home/eduarda/Documentos/GitHub/Jogo-Termo-em-Scala/build.sbt[0m
2023.11.28 23:56:22 WARN  Could not find semantic tokens for: file:///home/eduarda/Documentos/GitHub/Jogo-Termo-em-Scala/build.sbt[0m
2023.11.28 23:56:24 WARN  no build target for: /home/eduarda/Documentos/GitHub/Jogo-Termo-em-Scala/build.sbt[0m
2023.11.28 23:56:24 INFO  skipping build import with status 'Dismissed'[0m
2023.11.28 23:56:24 WARN  Could not find semantic tokens for: file:///home/eduarda/Documentos/GitHub/Jogo-Termo-em-Scala/build.sbt[0m
2023.11.28 23:56:24 WARN  Could not find semantic tokens for: file:///home/eduarda/Documentos/GitHub/Jogo-Termo-em-Scala/build.sbt[0m
nov. 29, 2023 12:02:50 AM org.eclipse.lsp4j.jsonrpc.RemoteEndpoint handleCancellation
ADVERTÃŠNCIA: Unmatched cancel notification for request id 1918
2023.11.29 00:03:59 WARN  no build target for: /home/eduarda/Documentos/GitHub/Jogo-Termo-em-Scala/src/main/Termo/main.scala[0m
2023.11.29 00:04:59 WARN  no build target for: /home/eduarda/Documentos/GitHub/Jogo-Termo-em-Scala/src/main/Termo/main.scala[0m
